✅ Manna Radio API server running on http://localhost:8000
📊 Health check: http://localhost:8000/api/health
Auth middleware error: JsonWebTokenError: secret or public key must be provided
    at C:\Users\123321\Desktop\mannaradio\backend\node_modules\jsonwebtoken\verify.js:113:19
    at getSecret (C:\Users\123321\Desktop\mannaradio\backend\node_modules\jsonwebtoken\verify.js:97:14)
    at module.exports [as verify] (C:\Users\123321\Desktop\mannaradio\backend\node_modules\jsonwebtoken\verify.js:101:10)
    at authMiddleware (C:\Users\123321\Desktop\mannaradio\backend\middleware\auth.js:15:29)
    at Layer.handle [as handle_request] (C:\Users\123321\Desktop\mannaradio\backend\node_modules\express\lib\router\layer.js:95:5)
    at next (C:\Users\123321\Desktop\mannaradio\backend\node_modules\express\lib\router\route.js:149:13)
    at Route.dispatch (C:\Users\123321\Desktop\mannaradio\backend\node_modules\express\lib\router\route.js:119:3)
    at Layer.handle [as handle_request] (C:\Users\123321\Desktop\mannaradio\backend\node_modules\express\lib\router\layer.js:95:5)
    at C:\Users\123321\Desktop\mannaradio\backend\node_modules\express\lib\router\index.js:284:15
    at Function.process_params (C:\Users\123321\Desktop\mannaradio\backend\node_modules\express\lib\router\index.js:346:12)
Auth middleware error: JsonWebTokenError: secret or public key must be provided
    at C:\Users\123321\Desktop\mannaradio\backend\node_modules\jsonwebtoken\verify.js:113:19
    at getSecret (C:\Users\123321\Desktop\mannaradio\backend\node_modules\jsonwebtoken\verify.js:97:14)
    at module.exports [as verify] (C:\Users\123321\Desktop\mannaradio\backend\node_modules\jsonwebtoken\verify.js:101:10)
    at authMiddleware (C:\Users\123321\Desktop\mannaradio\backend\middleware\auth.js:15:29)
    at Layer.handle [as handle_request] (C:\Users\123321\Desktop\mannaradio\backend\node_modules\express\lib\router\layer.js:95:5)
    at next (C:\Users\123321\Desktop\mannaradio\backend\node_modules\express\lib\router\route.js:149:13)
    at Route.dispatch (C:\Users\123321\Desktop\mannaradio\backend\node_modules\express\lib\router\route.js:119:3)
    at Layer.handle [as handle_request] (C:\Users\123321\Desktop\mannaradio\backend\node_modules\express\lib\router\layer.js:95:5)
    at C:\Users\123321\Desktop\mannaradio\backend\node_modules\express\lib\router\index.js:284:15
    at Function.process_params (C:\Users\123321\Desktop\mannaradio\backend\node_modules\express\lib\router\index.js:346:12)
Auth middleware error: JsonWebTokenError: secret or public key must be provided
    at C:\Users\123321\Desktop\mannaradio\backend\node_modules\jsonwebtoken\verify.js:113:19
    at getSecret (C:\Users\123321\Desktop\mannaradio\backend\node_modules\jsonwebtoken\verify.js:97:14)
    at module.exports [as verify] (C:\Users\123321\Desktop\mannaradio\backend\node_modules\jsonwebtoken\verify.js:101:10)
    at authMiddleware (C:\Users\123321\Desktop\mannaradio\backend\middleware\auth.js:15:29)
    at Layer.handle [as handle_request] (C:\Users\123321\Desktop\mannaradio\backend\node_modules\express\lib\router\layer.js:95:5)
    at next (C:\Users\123321\Desktop\mannaradio\backend\node_modules\express\lib\router\route.js:149:13)
    at Route.dispatch (C:\Users\123321\Desktop\mannaradio\backend\node_modules\express\lib\router\route.js:119:3)
    at Layer.handle [as handle_request] (C:\Users\123321\Desktop\mannaradio\backend\node_modules\express\lib\router\layer.js:95:5)
    at C:\Users\123321\Desktop\mannaradio\backend\node_modules\express\lib\router\index.js:284:15
    at Function.process_params (C:\Users\123321\Desktop\mannaradio\backend\node_modules\express\lib\router\index.js:346:12)
Auth middleware error: JsonWebTokenError: secret or public key must be provided
    at C:\Users\123321\Desktop\mannaradio\backend\node_modules\jsonwebtoken\verify.js:113:19
    at getSecret (C:\Users\123321\Desktop\mannaradio\backend\node_modules\jsonwebtoken\verify.js:97:14)
    at module.exports [as verify] (C:\Users\123321\Desktop\mannaradio\backend\node_modules\jsonwebtoken\verify.js:101:10)
    at authMiddleware (C:\Users\123321\Desktop\mannaradio\backend\middleware\auth.js:15:29)
    at Layer.handle [as handle_request] (C:\Users\123321\Desktop\mannaradio\backend\node_modules\express\lib\router\layer.js:95:5)
    at next (C:\Users\123321\Desktop\mannaradio\backend\node_modules\express\lib\router\route.js:149:13)
    at Route.dispatch (C:\Users\123321\Desktop\mannaradio\backend\node_modules\express\lib\router\route.js:119:3)
    at Layer.handle [as handle_request] (C:\Users\123321\Desktop\mannaradio\backend\node_modules\express\lib\router\layer.js:95:5)
    at C:\Users\123321\Desktop\mannaradio\backend\node_modules\express\lib\router\index.js:284:15
    at Function.process_params (C:\Users\123321\Desktop\mannaradio\backend\node_modules\express\lib\router\index.js:346:12)
Auth middleware error: JsonWebTokenError: secret or public key must be provided
    at C:\Users\123321\Desktop\mannaradio\backend\node_modules\jsonwebtoken\verify.js:113:19
    at getSecret (C:\Users\123321\Desktop\mannaradio\backend\node_modules\jsonwebtoken\verify.js:97:14)
    at module.exports [as verify] (C:\Users\123321\Desktop\mannaradio\backend\node_modules\jsonwebtoken\verify.js:101:10)
    at authMiddleware (C:\Users\123321\Desktop\mannaradio\backend\middleware\auth.js:15:29)
    at Layer.handle [as handle_request] (C:\Users\123321\Desktop\mannaradio\backend\node_modules\express\lib\router\layer.js:95:5)
    at next (C:\Users\123321\Desktop\mannaradio\backend\node_modules\express\lib\router\route.js:149:13)
    at Route.dispatch (C:\Users\123321\Desktop\mannaradio\backend\node_modules\express\lib\router\route.js:119:3)
    at Layer.handle [as handle_request] (C:\Users\123321\Desktop\mannaradio\backend\node_modules\express\lib\router\layer.js:95:5)
    at C:\Users\123321\Desktop\mannaradio\backend\node_modules\express\lib\router\index.js:284:15
    at Function.process_params (C:\Users\123321\Desktop\mannaradio\backend\node_modules\express\lib\router\index.js:346:12)
Auth middleware error: JsonWebTokenError: secret or public key must be provided
    at C:\Users\123321\Desktop\mannaradio\backend\node_modules\jsonwebtoken\verify.js:113:19
    at getSecret (C:\Users\123321\Desktop\mannaradio\backend\node_modules\jsonwebtoken\verify.js:97:14)
    at module.exports [as verify] (C:\Users\123321\Desktop\mannaradio\backend\node_modules\jsonwebtoken\verify.js:101:10)
    at authMiddleware (C:\Users\123321\Desktop\mannaradio\backend\middleware\auth.js:15:29)
    at Layer.handle [as handle_request] (C:\Users\123321\Desktop\mannaradio\backend\node_modules\express\lib\router\layer.js:95:5)
    at next (C:\Users\123321\Desktop\mannaradio\backend\node_modules\express\lib\router\route.js:149:13)
    at Route.dispatch (C:\Users\123321\Desktop\mannaradio\backend\node_modules\express\lib\router\route.js:119:3)
    at Layer.handle [as handle_request] (C:\Users\123321\Desktop\mannaradio\backend\node_modules\express\lib\router\layer.js:95:5)
    at C:\Users\123321\Desktop\mannaradio\backend\node_modules\express\lib\router\index.js:284:15
    at Function.process_params (C:\Users\123321\Desktop\mannaradio\backend\node_modules\express\lib\router\index.js:346:12)
Auth middleware error: JsonWebTokenError: secret or public key must be provided
    at C:\Users\123321\Desktop\mannaradio\backend\node_modules\jsonwebtoken\verify.js:113:19
    at getSecret (C:\Users\123321\Desktop\mannaradio\backend\node_modules\jsonwebtoken\verify.js:97:14)
    at module.exports [as verify] (C:\Users\123321\Desktop\mannaradio\backend\node_modules\jsonwebtoken\verify.js:101:10)
    at authMiddleware (C:\Users\123321\Desktop\mannaradio\backend\middleware\auth.js:15:29)
    at Layer.handle [as handle_request] (C:\Users\123321\Desktop\mannaradio\backend\node_modules\express\lib\router\layer.js:95:5)
    at next (C:\Users\123321\Desktop\mannaradio\backend\node_modules\express\lib\router\route.js:149:13)
    at Route.dispatch (C:\Users\123321\Desktop\mannaradio\backend\node_modules\express\lib\router\route.js:119:3)
    at Layer.handle [as handle_request] (C:\Users\123321\Desktop\mannaradio\backend\node_modules\express\lib\router\layer.js:95:5)
    at C:\Users\123321\Desktop\mannaradio\backend\node_modules\express\lib\router\index.js:284:15
    at Function.process_params (C:\Users\123321\Desktop\mannaradio\backend\node_modules\express\lib\router\index.js:346:12)
Auth middleware error: JsonWebTokenError: secret or public key must be provided
    at C:\Users\123321\Desktop\mannaradio\backend\node_modules\jsonwebtoken\verify.js:113:19
    at getSecret (C:\Users\123321\Desktop\mannaradio\backend\node_modules\jsonwebtoken\verify.js:97:14)
    at module.exports [as verify] (C:\Users\123321\Desktop\mannaradio\backend\node_modules\jsonwebtoken\verify.js:101:10)
    at authMiddleware (C:\Users\123321\Desktop\mannaradio\backend\middleware\auth.js:15:29)
    at Layer.handle [as handle_request] (C:\Users\123321\Desktop\mannaradio\backend\node_modules\express\lib\router\layer.js:95:5)
    at next (C:\Users\123321\Desktop\mannaradio\backend\node_modules\express\lib\router\route.js:149:13)
    at Route.dispatch (C:\Users\123321\Desktop\mannaradio\backend\node_modules\express\lib\router\route.js:119:3)
    at Layer.handle [as handle_request] (C:\Users\123321\Desktop\mannaradio\backend\node_modules\express\lib\router\layer.js:95:5)
    at C:\Users\123321\Desktop\mannaradio\backend\node_modules\express\lib\router\index.js:284:15
    at Function.process_params (C:\Users\123321\Desktop\mannaradio\backend\node_modules\express\lib\router\index.js:346:12)
Auth middleware error: JsonWebTokenError: secret or public key must be provided
    at C:\Users\123321\Desktop\mannaradio\backend\node_modules\jsonwebtoken\verify.js:113:19
    at getSecret (C:\Users\123321\Desktop\mannaradio\backend\node_modules\jsonwebtoken\verify.js:97:14)
    at module.exports [as verify] (C:\Users\123321\Desktop\mannaradio\backend\node_modules\jsonwebtoken\verify.js:101:10)
    at authMiddleware (C:\Users\123321\Desktop\mannaradio\backend\middleware\auth.js:15:29)
    at Layer.handle [as handle_request] (C:\Users\123321\Desktop\mannaradio\backend\node_modules\express\lib\router\layer.js:95:5)
    at next (C:\Users\123321\Desktop\mannaradio\backend\node_modules\express\lib\router\route.js:149:13)
    at Route.dispatch (C:\Users\123321\Desktop\mannaradio\backend\node_modules\express\lib\router\route.js:119:3)
    at Layer.handle [as handle_request] (C:\Users\123321\Desktop\mannaradio\backend\node_modules\express\lib\router\layer.js:95:5)
    at C:\Users\123321\Desktop\mannaradio\backend\node_modules\express\lib\router\index.js:284:15
    at Function.process_params (C:\Users\123321\Desktop\mannaradio\backend\node_modules\express\lib\router\index.js:346:12)
Auth middleware error: JsonWebTokenError: secret or public key must be provided
    at C:\Users\123321\Desktop\mannaradio\backend\node_modules\jsonwebtoken\verify.js:113:19
    at getSecret (C:\Users\123321\Desktop\mannaradio\backend\node_modules\jsonwebtoken\verify.js:97:14)
    at module.exports [as verify] (C:\Users\123321\Desktop\mannaradio\backend\node_modules\jsonwebtoken\verify.js:101:10)
    at authMiddleware (C:\Users\123321\Desktop\mannaradio\backend\middleware\auth.js:15:29)
    at Layer.handle [as handle_request] (C:\Users\123321\Desktop\mannaradio\backend\node_modules\express\lib\router\layer.js:95:5)
    at next (C:\Users\123321\Desktop\mannaradio\backend\node_modules\express\lib\router\route.js:149:13)
    at Route.dispatch (C:\Users\123321\Desktop\mannaradio\backend\node_modules\express\lib\router\route.js:119:3)
    at Layer.handle [as handle_request] (C:\Users\123321\Desktop\mannaradio\backend\node_modules\express\lib\router\layer.js:95:5)
    at C:\Users\123321\Desktop\mannaradio\backend\node_modules\express\lib\router\index.js:284:15
    at Function.process_params (C:\Users\123321\Desktop\mannaradio\backend\node_modules\express\lib\router\index.js:346:12)
Auth middleware error: JsonWebTokenError: secret or public key must be provided
    at C:\Users\123321\Desktop\mannaradio\backend\node_modules\jsonwebtoken\verify.js:113:19
    at getSecret (C:\Users\123321\Desktop\mannaradio\backend\node_modules\jsonwebtoken\verify.js:97:14)
    at module.exports [as verify] (C:\Users\123321\Desktop\mannaradio\backend\node_modules\jsonwebtoken\verify.js:101:10)
    at authMiddleware (C:\Users\123321\Desktop\mannaradio\backend\middleware\auth.js:15:29)
    at Layer.handle [as handle_request] (C:\Users\123321\Desktop\mannaradio\backend\node_modules\express\lib\router\layer.js:95:5)
    at next (C:\Users\123321\Desktop\mannaradio\backend\node_modules\express\lib\router\route.js:149:13)
    at Route.dispatch (C:\Users\123321\Desktop\mannaradio\backend\node_modules\express\lib\router\route.js:119:3)
    at Layer.handle [as handle_request] (C:\Users\123321\Desktop\mannaradio\backend\node_modules\express\lib\router\layer.js:95:5)
    at C:\Users\123321\Desktop\mannaradio\backend\node_modules\express\lib\router\index.js:284:15
    at Function.process_params (C:\Users\123321\Desktop\mannaradio\backend\node_modules\express\lib\router\index.js:346:12)
Auth middleware error: JsonWebTokenError: secret or public key must be provided
    at C:\Users\123321\Desktop\mannaradio\backend\node_modules\jsonwebtoken\verify.js:113:19
    at getSecret (C:\Users\123321\Desktop\mannaradio\backend\node_modules\jsonwebtoken\verify.js:97:14)
    at module.exports [as verify] (C:\Users\123321\Desktop\mannaradio\backend\node_modules\jsonwebtoken\verify.js:101:10)
    at authMiddleware (C:\Users\123321\Desktop\mannaradio\backend\middleware\auth.js:15:29)
    at Layer.handle [as handle_request] (C:\Users\123321\Desktop\mannaradio\backend\node_modules\express\lib\router\layer.js:95:5)
    at next (C:\Users\123321\Desktop\mannaradio\backend\node_modules\express\lib\router\route.js:149:13)
    at Route.dispatch (C:\Users\123321\Desktop\mannaradio\backend\node_modules\express\lib\router\route.js:119:3)
    at Layer.handle [as handle_request] (C:\Users\123321\Desktop\mannaradio\backend\node_modules\express\lib\router\layer.js:95:5)
    at C:\Users\123321\Desktop\mannaradio\backend\node_modules\express\lib\router\index.js:284:15
    at Function.process_params (C:\Users\123321\Desktop\mannaradio\backend\node_modules\express\lib\router\index.js:346:12)
Auth middleware error: JsonWebTokenError: secret or public key must be provided
    at C:\Users\123321\Desktop\mannaradio\backend\node_modules\jsonwebtoken\verify.js:113:19
    at getSecret (C:\Users\123321\Desktop\mannaradio\backend\node_modules\jsonwebtoken\verify.js:97:14)
    at module.exports [as verify] (C:\Users\123321\Desktop\mannaradio\backend\node_modules\jsonwebtoken\verify.js:101:10)
    at authMiddleware (C:\Users\123321\Desktop\mannaradio\backend\middleware\auth.js:15:29)
    at Layer.handle [as handle_request] (C:\Users\123321\Desktop\mannaradio\backend\node_modules\express\lib\router\layer.js:95:5)
    at next (C:\Users\123321\Desktop\mannaradio\backend\node_modules\express\lib\router\route.js:149:13)
    at Route.dispatch (C:\Users\123321\Desktop\mannaradio\backend\node_modules\express\lib\router\route.js:119:3)
    at Layer.handle [as handle_request] (C:\Users\123321\Desktop\mannaradio\backend\node_modules\express\lib\router\layer.js:95:5)
    at C:\Users\123321\Desktop\mannaradio\backend\node_modules\express\lib\router\index.js:284:15
    at Function.process_params (C:\Users\123321\Desktop\mannaradio\backend\node_modules\express\lib\router\index.js:346:12)
Auth middleware error: JsonWebTokenError: secret or public key must be provided
    at C:\Users\123321\Desktop\mannaradio\backend\node_modules\jsonwebtoken\verify.js:113:19
    at getSecret (C:\Users\123321\Desktop\mannaradio\backend\node_modules\jsonwebtoken\verify.js:97:14)
    at module.exports [as verify] (C:\Users\123321\Desktop\mannaradio\backend\node_modules\jsonwebtoken\verify.js:101:10)
    at authMiddleware (C:\Users\123321\Desktop\mannaradio\backend\middleware\auth.js:15:29)
    at Layer.handle [as handle_request] (C:\Users\123321\Desktop\mannaradio\backend\node_modules\express\lib\router\layer.js:95:5)
    at next (C:\Users\123321\Desktop\mannaradio\backend\node_modules\express\lib\router\route.js:149:13)
    at Route.dispatch (C:\Users\123321\Desktop\mannaradio\backend\node_modules\express\lib\router\route.js:119:3)
    at Layer.handle [as handle_request] (C:\Users\123321\Desktop\mannaradio\backend\node_modules\express\lib\router\layer.js:95:5)
    at C:\Users\123321\Desktop\mannaradio\backend\node_modules\express\lib\router\index.js:284:15
    at Function.process_params (C:\Users\123321\Desktop\mannaradio\backend\node_modules\express\lib\router\index.js:346:12)
Auth middleware error: JsonWebTokenError: secret or public key must be provided
    at C:\Users\123321\Desktop\mannaradio\backend\node_modules\jsonwebtoken\verify.js:113:19
    at getSecret (C:\Users\123321\Desktop\mannaradio\backend\node_modules\jsonwebtoken\verify.js:97:14)
    at module.exports [as verify] (C:\Users\123321\Desktop\mannaradio\backend\node_modules\jsonwebtoken\verify.js:101:10)
    at authMiddleware (C:\Users\123321\Desktop\mannaradio\backend\middleware\auth.js:15:29)
    at Layer.handle [as handle_request] (C:\Users\123321\Desktop\mannaradio\backend\node_modules\express\lib\router\layer.js:95:5)
    at next (C:\Users\123321\Desktop\mannaradio\backend\node_modules\express\lib\router\route.js:149:13)
    at Route.dispatch (C:\Users\123321\Desktop\mannaradio\backend\node_modules\express\lib\router\route.js:119:3)
    at Layer.handle [as handle_request] (C:\Users\123321\Desktop\mannaradio\backend\node_modules\express\lib\router\layer.js:95:5)
    at C:\Users\123321\Desktop\mannaradio\backend\node_modules\express\lib\router\index.js:284:15
    at Function.process_params (C:\Users\123321\Desktop\mannaradio\backend\node_modules\express\lib\router\index.js:346:12)
Auth middleware error: JsonWebTokenError: secret or public key must be provided
    at C:\Users\123321\Desktop\mannaradio\backend\node_modules\jsonwebtoken\verify.js:113:19
    at getSecret (C:\Users\123321\Desktop\mannaradio\backend\node_modules\jsonwebtoken\verify.js:97:14)
    at module.exports [as verify] (C:\Users\123321\Desktop\mannaradio\backend\node_modules\jsonwebtoken\verify.js:101:10)
    at authMiddleware (C:\Users\123321\Desktop\mannaradio\backend\middleware\auth.js:15:29)
    at Layer.handle [as handle_request] (C:\Users\123321\Desktop\mannaradio\backend\node_modules\express\lib\router\layer.js:95:5)
    at next (C:\Users\123321\Desktop\mannaradio\backend\node_modules\express\lib\router\route.js:149:13)
    at Route.dispatch (C:\Users\123321\Desktop\mannaradio\backend\node_modules\express\lib\router\route.js:119:3)
    at Layer.handle [as handle_request] (C:\Users\123321\Desktop\mannaradio\backend\node_modules\express\lib\router\layer.js:95:5)
    at C:\Users\123321\Desktop\mannaradio\backend\node_modules\express\lib\router\index.js:284:15
    at Function.process_params (C:\Users\123321\Desktop\mannaradio\backend\node_modules\express\lib\router\index.js:346:12)
Auth middleware error: JsonWebTokenError: secret or public key must be provided
    at C:\Users\123321\Desktop\mannaradio\backend\node_modules\jsonwebtoken\verify.js:113:19
    at getSecret (C:\Users\123321\Desktop\mannaradio\backend\node_modules\jsonwebtoken\verify.js:97:14)
    at module.exports [as verify] (C:\Users\123321\Desktop\mannaradio\backend\node_modules\jsonwebtoken\verify.js:101:10)
    at authMiddleware (C:\Users\123321\Desktop\mannaradio\backend\middleware\auth.js:15:29)
    at Layer.handle [as handle_request] (C:\Users\123321\Desktop\mannaradio\backend\node_modules\express\lib\router\layer.js:95:5)
    at next (C:\Users\123321\Desktop\mannaradio\backend\node_modules\express\lib\router\route.js:149:13)
    at Route.dispatch (C:\Users\123321\Desktop\mannaradio\backend\node_modules\express\lib\router\route.js:119:3)
    at Layer.handle [as handle_request] (C:\Users\123321\Desktop\mannaradio\backend\node_modules\express\lib\router\layer.js:95:5)
    at C:\Users\123321\Desktop\mannaradio\backend\node_modules\express\lib\router\index.js:284:15
    at Function.process_params (C:\Users\123321\Desktop\mannaradio\backend\node_modules\express\lib\router\index.js:346:12)
Auth middleware error: JsonWebTokenError: secret or public key must be provided
    at C:\Users\123321\Desktop\mannaradio\backend\node_modules\jsonwebtoken\verify.js:113:19
    at getSecret (C:\Users\123321\Desktop\mannaradio\backend\node_modules\jsonwebtoken\verify.js:97:14)
    at module.exports [as verify] (C:\Users\123321\Desktop\mannaradio\backend\node_modules\jsonwebtoken\verify.js:101:10)
    at authMiddleware (C:\Users\123321\Desktop\mannaradio\backend\middleware\auth.js:15:29)
    at Layer.handle [as handle_request] (C:\Users\123321\Desktop\mannaradio\backend\node_modules\express\lib\router\layer.js:95:5)
    at next (C:\Users\123321\Desktop\mannaradio\backend\node_modules\express\lib\router\route.js:149:13)
    at Route.dispatch (C:\Users\123321\Desktop\mannaradio\backend\node_modules\express\lib\router\route.js:119:3)
    at Layer.handle [as handle_request] (C:\Users\123321\Desktop\mannaradio\backend\node_modules\express\lib\router\layer.js:95:5)
    at C:\Users\123321\Desktop\mannaradio\backend\node_modules\express\lib\router\index.js:284:15
    at Function.process_params (C:\Users\123321\Desktop\mannaradio\backend\node_modules\express\lib\router\index.js:346:12)
Auth middleware error: JsonWebTokenError: secret or public key must be provided
    at C:\Users\123321\Desktop\mannaradio\backend\node_modules\jsonwebtoken\verify.js:113:19
    at getSecret (C:\Users\123321\Desktop\mannaradio\backend\node_modules\jsonwebtoken\verify.js:97:14)
    at module.exports [as verify] (C:\Users\123321\Desktop\mannaradio\backend\node_modules\jsonwebtoken\verify.js:101:10)
    at authMiddleware (C:\Users\123321\Desktop\mannaradio\backend\middleware\auth.js:15:29)
    at Layer.handle [as handle_request] (C:\Users\123321\Desktop\mannaradio\backend\node_modules\express\lib\router\layer.js:95:5)
    at next (C:\Users\123321\Desktop\mannaradio\backend\node_modules\express\lib\router\route.js:149:13)
    at Route.dispatch (C:\Users\123321\Desktop\mannaradio\backend\node_modules\express\lib\router\route.js:119:3)
    at Layer.handle [as handle_request] (C:\Users\123321\Desktop\mannaradio\backend\node_modules\express\lib\router\layer.js:95:5)
    at C:\Users\123321\Desktop\mannaradio\backend\node_modules\express\lib\router\index.js:284:15
    at Function.process_params (C:\Users\123321\Desktop\mannaradio\backend\node_modules\express\lib\router\index.js:346:12)
Auth middleware error: JsonWebTokenError: secret or public key must be provided
    at C:\Users\123321\Desktop\mannaradio\backend\node_modules\jsonwebtoken\verify.js:113:19
    at getSecret (C:\Users\123321\Desktop\mannaradio\backend\node_modules\jsonwebtoken\verify.js:97:14)
    at module.exports [as verify] (C:\Users\123321\Desktop\mannaradio\backend\node_modules\jsonwebtoken\verify.js:101:10)
    at authMiddleware (C:\Users\123321\Desktop\mannaradio\backend\middleware\auth.js:15:29)
    at Layer.handle [as handle_request] (C:\Users\123321\Desktop\mannaradio\backend\node_modules\express\lib\router\layer.js:95:5)
    at next (C:\Users\123321\Desktop\mannaradio\backend\node_modules\express\lib\router\route.js:149:13)
    at Route.dispatch (C:\Users\123321\Desktop\mannaradio\backend\node_modules\express\lib\router\route.js:119:3)
    at Layer.handle [as handle_request] (C:\Users\123321\Desktop\mannaradio\backend\node_modules\express\lib\router\layer.js:95:5)
    at C:\Users\123321\Desktop\mannaradio\backend\node_modules\express\lib\router\index.js:284:15
    at Function.process_params (C:\Users\123321\Desktop\mannaradio\backend\node_modules\express\lib\router\index.js:346:12)
Auth middleware error: JsonWebTokenError: secret or public key must be provided
    at C:\Users\123321\Desktop\mannaradio\backend\node_modules\jsonwebtoken\verify.js:113:19
    at getSecret (C:\Users\123321\Desktop\mannaradio\backend\node_modules\jsonwebtoken\verify.js:97:14)
    at module.exports [as verify] (C:\Users\123321\Desktop\mannaradio\backend\node_modules\jsonwebtoken\verify.js:101:10)
    at authMiddleware (C:\Users\123321\Desktop\mannaradio\backend\middleware\auth.js:15:29)
    at Layer.handle [as handle_request] (C:\Users\123321\Desktop\mannaradio\backend\node_modules\express\lib\router\layer.js:95:5)
    at next (C:\Users\123321\Desktop\mannaradio\backend\node_modules\express\lib\router\route.js:149:13)
    at Route.dispatch (C:\Users\123321\Desktop\mannaradio\backend\node_modules\express\lib\router\route.js:119:3)
    at Layer.handle [as handle_request] (C:\Users\123321\Desktop\mannaradio\backend\node_modules\express\lib\router\layer.js:95:5)
    at C:\Users\123321\Desktop\mannaradio\backend\node_modules\express\lib\router\index.js:284:15
    at Function.process_params (C:\Users\123321\Desktop\mannaradio\backend\node_modules\express\lib\router\index.js:346:12)
Auth middleware error: JsonWebTokenError: secret or public key must be provided
    at C:\Users\123321\Desktop\mannaradio\backend\node_modules\jsonwebtoken\verify.js:113:19
    at getSecret (C:\Users\123321\Desktop\mannaradio\backend\node_modules\jsonwebtoken\verify.js:97:14)
    at module.exports [as verify] (C:\Users\123321\Desktop\mannaradio\backend\node_modules\jsonwebtoken\verify.js:101:10)
    at authMiddleware (C:\Users\123321\Desktop\mannaradio\backend\middleware\auth.js:15:29)
    at Layer.handle [as handle_request] (C:\Users\123321\Desktop\mannaradio\backend\node_modules\express\lib\router\layer.js:95:5)
    at next (C:\Users\123321\Desktop\mannaradio\backend\node_modules\express\lib\router\route.js:149:13)
    at Route.dispatch (C:\Users\123321\Desktop\mannaradio\backend\node_modules\express\lib\router\route.js:119:3)
    at Layer.handle [as handle_request] (C:\Users\123321\Desktop\mannaradio\backend\node_modules\express\lib\router\layer.js:95:5)
    at C:\Users\123321\Desktop\mannaradio\backend\node_modules\express\lib\router\index.js:284:15
    at Function.process_params (C:\Users\123321\Desktop\mannaradio\backend\node_modules\express\lib\router\index.js:346:12)
Auth middleware error: JsonWebTokenError: secret or public key must be provided
    at C:\Users\123321\Desktop\mannaradio\backend\node_modules\jsonwebtoken\verify.js:113:19
    at getSecret (C:\Users\123321\Desktop\mannaradio\backend\node_modules\jsonwebtoken\verify.js:97:14)
    at module.exports [as verify] (C:\Users\123321\Desktop\mannaradio\backend\node_modules\jsonwebtoken\verify.js:101:10)
    at authMiddleware (C:\Users\123321\Desktop\mannaradio\backend\middleware\auth.js:15:29)
    at Layer.handle [as handle_request] (C:\Users\123321\Desktop\mannaradio\backend\node_modules\express\lib\router\layer.js:95:5)
    at next (C:\Users\123321\Desktop\mannaradio\backend\node_modules\express\lib\router\route.js:149:13)
    at Route.dispatch (C:\Users\123321\Desktop\mannaradio\backend\node_modules\express\lib\router\route.js:119:3)
    at Layer.handle [as handle_request] (C:\Users\123321\Desktop\mannaradio\backend\node_modules\express\lib\router\layer.js:95:5)
    at C:\Users\123321\Desktop\mannaradio\backend\node_modules\express\lib\router\index.js:284:15
    at Function.process_params (C:\Users\123321\Desktop\mannaradio\backend\node_modules\express\lib\router\index.js:346:12)
Auth middleware error: JsonWebTokenError: secret or public key must be provided
    at C:\Users\123321\Desktop\mannaradio\backend\node_modules\jsonwebtoken\verify.js:113:19
    at getSecret (C:\Users\123321\Desktop\mannaradio\backend\node_modules\jsonwebtoken\verify.js:97:14)
    at module.exports [as verify] (C:\Users\123321\Desktop\mannaradio\backend\node_modules\jsonwebtoken\verify.js:101:10)
    at authMiddleware (C:\Users\123321\Desktop\mannaradio\backend\middleware\auth.js:15:29)
    at Layer.handle [as handle_request] (C:\Users\123321\Desktop\mannaradio\backend\node_modules\express\lib\router\layer.js:95:5)
    at next (C:\Users\123321\Desktop\mannaradio\backend\node_modules\express\lib\router\route.js:149:13)
    at Route.dispatch (C:\Users\123321\Desktop\mannaradio\backend\node_modules\express\lib\router\route.js:119:3)
    at Layer.handle [as handle_request] (C:\Users\123321\Desktop\mannaradio\backend\node_modules\express\lib\router\layer.js:95:5)
    at C:\Users\123321\Desktop\mannaradio\backend\node_modules\express\lib\router\index.js:284:15
    at Function.process_params (C:\Users\123321\Desktop\mannaradio\backend\node_modules\express\lib\router\index.js:346:12)
Auth middleware error: JsonWebTokenError: secret or public key must be provided
    at C:\Users\123321\Desktop\mannaradio\backend\node_modules\jsonwebtoken\verify.js:113:19
    at getSecret (C:\Users\123321\Desktop\mannaradio\backend\node_modules\jsonwebtoken\verify.js:97:14)
    at module.exports [as verify] (C:\Users\123321\Desktop\mannaradio\backend\node_modules\jsonwebtoken\verify.js:101:10)
    at authMiddleware (C:\Users\123321\Desktop\mannaradio\backend\middleware\auth.js:15:29)
    at Layer.handle [as handle_request] (C:\Users\123321\Desktop\mannaradio\backend\node_modules\express\lib\router\layer.js:95:5)
    at next (C:\Users\123321\Desktop\mannaradio\backend\node_modules\express\lib\router\route.js:149:13)
    at Route.dispatch (C:\Users\123321\Desktop\mannaradio\backend\node_modules\express\lib\router\route.js:119:3)
    at Layer.handle [as handle_request] (C:\Users\123321\Desktop\mannaradio\backend\node_modules\express\lib\router\layer.js:95:5)
    at C:\Users\123321\Desktop\mannaradio\backend\node_modules\express\lib\router\index.js:284:15
    at Function.process_params (C:\Users\123321\Desktop\mannaradio\backend\node_modules\express\lib\router\index.js:346:12)
Auth middleware error: JsonWebTokenError: secret or public key must be provided
    at C:\Users\123321\Desktop\mannaradio\backend\node_modules\jsonwebtoken\verify.js:113:19
    at getSecret (C:\Users\123321\Desktop\mannaradio\backend\node_modules\jsonwebtoken\verify.js:97:14)
    at module.exports [as verify] (C:\Users\123321\Desktop\mannaradio\backend\node_modules\jsonwebtoken\verify.js:101:10)
    at authMiddleware (C:\Users\123321\Desktop\mannaradio\backend\middleware\auth.js:15:29)
    at Layer.handle [as handle_request] (C:\Users\123321\Desktop\mannaradio\backend\node_modules\express\lib\router\layer.js:95:5)
    at next (C:\Users\123321\Desktop\mannaradio\backend\node_modules\express\lib\router\route.js:149:13)
    at Route.dispatch (C:\Users\123321\Desktop\mannaradio\backend\node_modules\express\lib\router\route.js:119:3)
    at Layer.handle [as handle_request] (C:\Users\123321\Desktop\mannaradio\backend\node_modules\express\lib\router\layer.js:95:5)
    at C:\Users\123321\Desktop\mannaradio\backend\node_modules\express\lib\router\index.js:284:15
    at Function.process_params (C:\Users\123321\Desktop\mannaradio\backend\node_modules\express\lib\router\index.js:346:12)
Login error: Error: Access denied for user ''@'localhost' (using password: NO)
    at PromisePool.query (C:\Users\123321\Desktop\mannaradio\backend\node_modules\mysql2\lib\promise\pool.js:36:22)
    at C:\Users\123321\Desktop\mannaradio\backend\routes\auth.js:71:38
    at Layer.handle [as handle_request] (C:\Users\123321\Desktop\mannaradio\backend\node_modules\express\lib\router\layer.js:95:5)
    at next (C:\Users\123321\Desktop\mannaradio\backend\node_modules\express\lib\router\route.js:149:13)
    at Route.dispatch (C:\Users\123321\Desktop\mannaradio\backend\node_modules\express\lib\router\route.js:119:3)
    at Layer.handle [as handle_request] (C:\Users\123321\Desktop\mannaradio\backend\node_modules\express\lib\router\layer.js:95:5)
    at C:\Users\123321\Desktop\mannaradio\backend\node_modules\express\lib\router\index.js:284:15
    at Function.process_params (C:\Users\123321\Desktop\mannaradio\backend\node_modules\express\lib\router\index.js:346:12)
    at next (C:\Users\123321\Desktop\mannaradio\backend\node_modules\express\lib\router\index.js:280:10)
    at Function.handle (C:\Users\123321\Desktop\mannaradio\backend\node_modules\express\lib\router\index.js:175:3) {
  code: 'ER_ACCESS_DENIED_ERROR',
  errno: 1045,
  sql: undefined,
  sqlState: '28000',
  sqlMessage: "Access denied for user ''@'localhost' (using password: NO)"
}
Login error: Error: Access denied for user ''@'localhost' (using password: NO)
    at PromisePool.query (C:\Users\123321\Desktop\mannaradio\backend\node_modules\mysql2\lib\promise\pool.js:36:22)
    at C:\Users\123321\Desktop\mannaradio\backend\routes\auth.js:71:38
    at Layer.handle [as handle_request] (C:\Users\123321\Desktop\mannaradio\backend\node_modules\express\lib\router\layer.js:95:5)
    at next (C:\Users\123321\Desktop\mannaradio\backend\node_modules\express\lib\router\route.js:149:13)
    at Route.dispatch (C:\Users\123321\Desktop\mannaradio\backend\node_modules\express\lib\router\route.js:119:3)
    at Layer.handle [as handle_request] (C:\Users\123321\Desktop\mannaradio\backend\node_modules\express\lib\router\layer.js:95:5)
    at C:\Users\123321\Desktop\mannaradio\backend\node_modules\express\lib\router\index.js:284:15
    at Function.process_params (C:\Users\123321\Desktop\mannaradio\backend\node_modules\express\lib\router\index.js:346:12)
    at next (C:\Users\123321\Desktop\mannaradio\backend\node_modules\express\lib\router\index.js:280:10)
    at Function.handle (C:\Users\123321\Desktop\mannaradio\backend\node_modules\express\lib\router\index.js:175:3) {
  code: 'ER_ACCESS_DENIED_ERROR',
  errno: 1045,
  sql: undefined,
  sqlState: '28000',
  sqlMessage: "Access denied for user ''@'localhost' (using password: NO)"
}
Login error: Error: Access denied for user ''@'localhost' (using password: NO)
    at PromisePool.query (C:\Users\123321\Desktop\mannaradio\backend\node_modules\mysql2\lib\promise\pool.js:36:22)
    at C:\Users\123321\Desktop\mannaradio\backend\routes\auth.js:71:38
    at Layer.handle [as handle_request] (C:\Users\123321\Desktop\mannaradio\backend\node_modules\express\lib\router\layer.js:95:5)
    at next (C:\Users\123321\Desktop\mannaradio\backend\node_modules\express\lib\router\route.js:149:13)
    at Route.dispatch (C:\Users\123321\Desktop\mannaradio\backend\node_modules\express\lib\router\route.js:119:3)
    at Layer.handle [as handle_request] (C:\Users\123321\Desktop\mannaradio\backend\node_modules\express\lib\router\layer.js:95:5)
    at C:\Users\123321\Desktop\mannaradio\backend\node_modules\express\lib\router\index.js:284:15
    at Function.process_params (C:\Users\123321\Desktop\mannaradio\backend\node_modules\express\lib\router\index.js:346:12)
    at next (C:\Users\123321\Desktop\mannaradio\backend\node_modules\express\lib\router\index.js:280:10)
    at Function.handle (C:\Users\123321\Desktop\mannaradio\backend\node_modules\express\lib\router\index.js:175:3) {
  code: 'ER_ACCESS_DENIED_ERROR',
  errno: 1045,
  sql: undefined,
  sqlState: '28000',
  sqlMessage: "Access denied for user ''@'localhost' (using password: NO)"
}
Login error: Error: Access denied for user ''@'localhost' (using password: NO)
    at PromisePool.query (C:\Users\123321\Desktop\mannaradio\backend\node_modules\mysql2\lib\promise\pool.js:36:22)
    at C:\Users\123321\Desktop\mannaradio\backend\routes\auth.js:71:38
    at Layer.handle [as handle_request] (C:\Users\123321\Desktop\mannaradio\backend\node_modules\express\lib\router\layer.js:95:5)
    at next (C:\Users\123321\Desktop\mannaradio\backend\node_modules\express\lib\router\route.js:149:13)
    at Route.dispatch (C:\Users\123321\Desktop\mannaradio\backend\node_modules\express\lib\router\route.js:119:3)
    at Layer.handle [as handle_request] (C:\Users\123321\Desktop\mannaradio\backend\node_modules\express\lib\router\layer.js:95:5)
    at C:\Users\123321\Desktop\mannaradio\backend\node_modules\express\lib\router\index.js:284:15
    at Function.process_params (C:\Users\123321\Desktop\mannaradio\backend\node_modules\express\lib\router\index.js:346:12)
    at next (C:\Users\123321\Desktop\mannaradio\backend\node_modules\express\lib\router\index.js:280:10)
    at Function.handle (C:\Users\123321\Desktop\mannaradio\backend\node_modules\express\lib\router\index.js:175:3) {
  code: 'ER_ACCESS_DENIED_ERROR',
  errno: 1045,
  sql: undefined,
  sqlState: '28000',
  sqlMessage: "Access denied for user ''@'localhost' (using password: NO)"
}
Login error: Error: Access denied for user ''@'localhost' (using password: NO)
    at PromisePool.query (C:\Users\123321\Desktop\mannaradio\backend\node_modules\mysql2\lib\promise\pool.js:36:22)
    at C:\Users\123321\Desktop\mannaradio\backend\routes\auth.js:71:38
    at Layer.handle [as handle_request] (C:\Users\123321\Desktop\mannaradio\backend\node_modules\express\lib\router\layer.js:95:5)
    at next (C:\Users\123321\Desktop\mannaradio\backend\node_modules\express\lib\router\route.js:149:13)
    at Route.dispatch (C:\Users\123321\Desktop\mannaradio\backend\node_modules\express\lib\router\route.js:119:3)
    at Layer.handle [as handle_request] (C:\Users\123321\Desktop\mannaradio\backend\node_modules\express\lib\router\layer.js:95:5)
    at C:\Users\123321\Desktop\mannaradio\backend\node_modules\express\lib\router\index.js:284:15
    at Function.process_params (C:\Users\123321\Desktop\mannaradio\backend\node_modules\express\lib\router\index.js:346:12)
    at next (C:\Users\123321\Desktop\mannaradio\backend\node_modules\express\lib\router\index.js:280:10)
    at Function.handle (C:\Users\123321\Desktop\mannaradio\backend\node_modules\express\lib\router\index.js:175:3) {
  code: 'ER_ACCESS_DENIED_ERROR',
  errno: 1045,
  sql: undefined,
  sqlState: '28000',
  sqlMessage: "Access denied for user ''@'localhost' (using password: NO)"
}
^C